2024-12-15 22:40:17,961 - INFO - Connected to server at 127.0.0.1:50000
2024-12-15 22:40:17,963 - INFO - Scan files: ['File7.zip', 'File5.zip', 'File2.zip', 'File4.zip', 'File2.zip', 'File8.zip']
2024-12-15 22:40:17,963 - INFO - Files : ['File7.zip', 'File5.zip', 'File2.zip', 'File4.zip', 'File8.zip']
2024-12-15 22:40:18,464 - INFO - Sent request for File7.zip from 127.0.0.1:50000
2024-12-15 22:40:18,464 - INFO - Received data size: 536870912
2024-12-15 22:40:22,966 - INFO - Scan files: ['File7.zip', 'File5.zip', 'File2.zip', 'File4.zip', 'File2.zip', 'File8.zip']
2024-12-15 22:40:22,966 - INFO - Files : ['File7.zip', 'File5.zip', 'File2.zip', 'File4.zip', 'File8.zip']
2024-12-15 22:40:27,970 - INFO - Scan files: ['File7.zip', 'File5.zip', 'File2.zip', 'File4.zip', 'File2.zip', 'File8.zip']
2024-12-15 22:40:27,970 - INFO - Files : ['File7.zip', 'File5.zip', 'File2.zip', 'File4.zip', 'File8.zip']
2024-12-15 22:40:32,972 - INFO - Scan files: ['File7.zip', 'File5.zip', 'File2.zip', 'File4.zip', 'File2.zip', 'File8.zip']
2024-12-15 22:40:32,973 - INFO - Files : ['File7.zip', 'File5.zip', 'File2.zip', 'File4.zip', 'File8.zip']
2024-12-15 22:40:33,316 - ERROR - Connection reset by server.
2024-12-15 22:40:33,318 - ERROR - Connection reset by server.
2024-12-15 22:40:33,320 - ERROR - Connection reset by server.
2024-12-15 22:40:33,320 - ERROR - Connection reset by server.
2024-12-15 22:40:37,974 - INFO - Scan files: ['File7.zip', 'File5.zip', 'File2.zip', 'File4.zip', 'File2.zip', 'File8.zip']
2024-12-15 22:40:37,974 - INFO - Files : ['File7.zip', 'File5.zip', 'File2.zip', 'File4.zip', 'File8.zip']
2024-12-15 22:40:42,978 - INFO - Scan files: ['File7.zip', 'File5.zip', 'File2.zip', 'File4.zip', 'File2.zip', 'File8.zip']
2024-12-15 22:40:42,978 - INFO - Files : ['File7.zip', 'File5.zip', 'File2.zip', 'File4.zip', 'File8.zip']
2024-12-15 22:40:47,979 - INFO - Scan files: ['File7.zip', 'File5.zip', 'File2.zip', 'File4.zip', 'File2.zip', 'File8.zip']
2024-12-15 22:40:47,979 - INFO - Files : ['File7.zip', 'File5.zip', 'File2.zip', 'File4.zip', 'File8.zip']
2024-12-15 22:40:52,980 - INFO - Scan files: ['File7.zip', 'File5.zip', 'File2.zip', 'File4.zip', 'File2.zip', 'File8.zip']
2024-12-15 22:40:52,980 - INFO - Files : ['File7.zip', 'File5.zip', 'File2.zip', 'File4.zip', 'File8.zip']
2024-12-15 22:40:57,981 - INFO - Scan files: ['File7.zip', 'File5.zip', 'File2.zip', 'File4.zip', 'File2.zip', 'File8.zip']
2024-12-15 22:40:57,981 - INFO - Files : ['File7.zip', 'File5.zip', 'File2.zip', 'File4.zip', 'File8.zip']
2024-12-15 22:41:02,983 - INFO - Scan files: ['File7.zip', 'File5.zip', 'File2.zip', 'File4.zip', 'File2.zip', 'File8.zip']
2024-12-15 22:41:02,983 - INFO - Files : ['File7.zip', 'File5.zip', 'File2.zip', 'File4.zip', 'File8.zip']
2024-12-15 22:41:07,984 - INFO - Scan files: ['File7.zip', 'File5.zip', 'File2.zip', 'File4.zip', 'File2.zip', 'File8.zip']
2024-12-15 22:41:07,984 - INFO - Files : ['File7.zip', 'File5.zip', 'File2.zip', 'File4.zip', 'File8.zip']
2024-12-15 22:41:12,985 - INFO - Scan files: ['File7.zip', 'File5.zip', 'File2.zip', 'File4.zip', 'File2.zip', 'File8.zip']
2024-12-15 22:41:12,985 - INFO - Files : ['File7.zip', 'File5.zip', 'File2.zip', 'File4.zip', 'File8.zip']
2024-12-15 22:41:17,986 - INFO - Scan files: ['File7.zip', 'File5.zip', 'File2.zip', 'File4.zip', 'File2.zip', 'File8.zip']
2024-12-15 22:41:17,986 - INFO - Files : ['File7.zip', 'File5.zip', 'File2.zip', 'File4.zip', 'File8.zip']
2024-12-15 22:41:22,988 - INFO - Scan files: ['File7.zip', 'File5.zip', 'File2.zip', 'File4.zip', 'File2.zip', 'File8.zip']
2024-12-15 22:41:22,988 - INFO - Files : ['File7.zip', 'File5.zip', 'File2.zip', 'File4.zip', 'File8.zip']
2024-12-15 22:41:27,989 - INFO - Scan files: ['File7.zip', 'File5.zip', 'File2.zip', 'File4.zip', 'File2.zip', 'File8.zip']
2024-12-15 22:41:27,989 - INFO - Files : ['File7.zip', 'File5.zip', 'File2.zip', 'File4.zip', 'File8.zip']
2024-12-15 22:41:32,990 - INFO - Scan files: ['File7.zip', 'File5.zip', 'File2.zip', 'File4.zip', 'File2.zip', 'File8.zip']
2024-12-15 22:41:32,990 - INFO - Files : ['File7.zip', 'File5.zip', 'File2.zip', 'File4.zip', 'File8.zip']
2024-12-15 22:41:37,991 - INFO - Scan files: ['File7.zip', 'File5.zip', 'File2.zip', 'File4.zip', 'File2.zip', 'File8.zip']
2024-12-15 22:41:37,991 - INFO - Files : ['File7.zip', 'File5.zip', 'File2.zip', 'File4.zip', 'File8.zip']
2024-12-15 22:41:42,992 - INFO - Scan files: ['File7.zip', 'File5.zip', 'File2.zip', 'File4.zip', 'File2.zip', 'File8.zip']
2024-12-15 22:41:42,992 - INFO - Files : ['File7.zip', 'File5.zip', 'File2.zip', 'File4.zip', 'File8.zip']
2024-12-15 22:41:47,993 - INFO - Scan files: ['File7.zip', 'File5.zip', 'File2.zip', 'File4.zip', 'File2.zip', 'File8.zip']
2024-12-15 22:41:47,993 - INFO - Files : ['File7.zip', 'File5.zip', 'File2.zip', 'File4.zip', 'File8.zip']
2024-12-15 22:41:52,995 - INFO - Scan files: ['File7.zip', 'File5.zip', 'File2.zip', 'File4.zip', 'File2.zip', 'File8.zip']
2024-12-15 22:41:52,995 - INFO - Files : ['File7.zip', 'File5.zip', 'File2.zip', 'File4.zip', 'File8.zip']
2024-12-15 22:41:57,996 - INFO - Scan files: ['File7.zip', 'File5.zip', 'File2.zip', 'File4.zip', 'File2.zip', 'File8.zip']
2024-12-15 22:41:57,996 - INFO - Files : ['File7.zip', 'File5.zip', 'File2.zip', 'File4.zip', 'File8.zip']
2024-12-15 22:42:02,997 - INFO - Scan files: ['File7.zip', 'File5.zip', 'File2.zip', 'File4.zip', 'File2.zip', 'File8.zip']
2024-12-15 22:42:02,997 - INFO - Files : ['File7.zip', 'File5.zip', 'File2.zip', 'File4.zip', 'File8.zip']
2024-12-15 22:42:07,998 - INFO - Scan files: ['File7.zip', 'File5.zip', 'File2.zip', 'File4.zip', 'File2.zip', 'File8.zip']
2024-12-15 22:42:07,998 - INFO - Files : ['File7.zip', 'File5.zip', 'File2.zip', 'File4.zip', 'File8.zip']
